<?xml version="1.0" encoding="UTF-8"?>
<!-- Generated by org.testng.reporters.JUnitReportReporter -->
<testsuite hostname="LENOVO" failures="0" tests="1" name="test.Demotest" time="0.252" errors="0" timestamp="2023-06-09T14:42:31 IST" skipped="0">
  <testcase classname="test.Demotest" name="fbtest" time="0.252"/>
  <system-out/>
</testsuite> <!-- test.Demotest -->
