<?xml version="1.0" encoding="UTF-8"?>
<!-- Generated by org.testng.reporters.JUnitReportReporter -->
<testsuite hostname="LENOVO" failures="0" tests="2" name="test.Letskodeittest" time="20.768" errors="0" timestamp="2023-07-02T13:13:11 IST" skipped="0">
  <testcase classname="test.Letskodeittest" name="home" time="20.506"/>
  <system-out/>
  <testcase classname="test.Letskodeittest" name="test1" time="0.262"/>
  <system-out/>
</testsuite> <!-- test.Letskodeittest -->
